Command line:
   Mux21_tb_isim_beh.exe
     -simmode  gui
     -simrunnum  0
     -socket  50492

Mon Aug 30 19:25:15 2021


 Elaboration Time: 0.046875 sec

 Current Memory Usage: 5150.6 Meg

 Total Signals          : 17
 Total Nets             : 26
 Total Signal Drivers   : 9
 Total Blocks           : 3
 Total Primitive Blocks : 2
 Total Processes        : 12
 Total Traceable Variables  : 22
 Total Scalar Nets and Variables : 119
Total Line Count : 31

 Total Simulation Time: 0.296875 sec

 Current Memory Usage: 4678.74 Meg

Mon Aug 30 19:29:05 2021

