Command line:
   MUX16_1_tb_isim_beh.exe
     -simmode  gui
     -simrunnum  0
     -socket  50531

Mon Aug 30 20:36:02 2021


 Elaboration Time: 0.03125 sec

 Current Memory Usage: 5149.99 Meg

 Total Signals          : 31
 Total Nets             : 119
 Total Signal Drivers   : 23
 Total Blocks           : 3
 Total Primitive Blocks : 2
 Total Processes        : 26
 Total Traceable Variables  : 36
 Total Scalar Nets and Variables : 305
Total Line Count : 321

 Total Simulation Time: 0.234375 sec

 Current Memory Usage: 4678.13 Meg

Mon Aug 30 20:38:28 2021

